[debug] [2023-01-29T10:10:07.941Z] ----------------------------------------------------------------------
[debug] [2023-01-29T10:10:07.942Z] Command:       /usr/local/bin/firebase /Users/kazuyaerdos/.cache/firebase/tools/lib/node_modules/firebase-tools/lib/bin/firebase projects:list
[debug] [2023-01-29T10:10:07.943Z] CLI Version:   11.21.0
[debug] [2023-01-29T10:10:07.943Z] Platform:      darwin
[debug] [2023-01-29T10:10:07.943Z] Node Version:  v16.16.0
[debug] [2023-01-29T10:10:07.944Z] Time:          Sun Jan 29 2023 05:10:07 GMT-0500 (Eastern Standard Time)
[debug] [2023-01-29T10:10:07.944Z] ----------------------------------------------------------------------
[debug] 
[debug] [2023-01-29T10:10:07.947Z] >>> [apiv2][query] GET https://firebase-public.firebaseio.com/cli.json [none]
[debug] [2023-01-29T10:10:08.018Z] > command requires scopes: ["email","openid","https://www.googleapis.com/auth/cloudplatformprojects.readonly","https://www.googleapis.com/auth/firebase","https://www.googleapis.com/auth/cloud-platform"]
[debug] [2023-01-29T10:10:08.018Z] > authorizing via signed-in user (kazuyaberdos@gmail.com)
[debug] [2023-01-29T10:10:08.021Z] > refreshing access token with scopes: []
[debug] [2023-01-29T10:10:08.022Z] >>> [apiv2][query] POST https://www.googleapis.com/oauth2/v3/token [none]
[debug] [2023-01-29T10:10:08.022Z] >>> [apiv2][body] POST https://www.googleapis.com/oauth2/v3/token [omitted]
[debug] [2023-01-29T10:10:08.116Z] <<< [apiv2][status] GET https://firebase-public.firebaseio.com/cli.json 200
[debug] [2023-01-29T10:10:08.116Z] <<< [apiv2][body] GET https://firebase-public.firebaseio.com/cli.json {"cloudBuildErrorAfter":1594252800000,"cloudBuildWarnAfter":1590019200000,"defaultNode10After":1594252800000,"minVersion":"3.0.5","node8DeploysDisabledAfter":1613390400000,"node8RuntimeDisabledAfter":1615809600000,"node8WarnAfter":1600128000000}
[debug] [2023-01-29T10:10:08.167Z] <<< [apiv2][status] POST https://www.googleapis.com/oauth2/v3/token 400
[debug] [2023-01-29T10:10:08.168Z] <<< [apiv2][body] POST https://www.googleapis.com/oauth2/v3/token [omitted]
[debug] [2023-01-29T10:10:08.169Z] >>> [apiv2][query] GET https://firebase.googleapis.com/v1beta1/projects pageSize=1000
[debug] [2023-01-29T10:10:08.332Z] <<< [apiv2][status] GET https://firebase.googleapis.com/v1beta1/projects 401
[debug] [2023-01-29T10:10:08.332Z] <<< [apiv2][body] GET https://firebase.googleapis.com/v1beta1/projects [omitted]
[debug] [2023-01-29T10:10:08.333Z] HTTP Error: 401, Request had invalid authentication credentials. Expected OAuth 2 access token, login cookie or other valid authentication credential. See https://developers.google.com/identity/sign-in/web/devconsole-project.
[debug] [2023-01-29T10:10:08.335Z] FirebaseError: HTTP Error: 401, Request had invalid authentication credentials. Expected OAuth 2 access token, login cookie or other valid authentication credential. See https://developers.google.com/identity/sign-in/web/devconsole-project.
    at responseToError (/Users/kazuyaerdos/.cache/firebase/tools/lib/node_modules/firebase-tools/lib/responseToError.js:49:12)
    at RetryOperation._fn (/Users/kazuyaerdos/.cache/firebase/tools/lib/node_modules/firebase-tools/lib/apiv2.js:288:77)
    at processTicksAndRejections (node:internal/process/task_queues:96:5)
[error] 
[error] Error: Failed to list Firebase projects. See firebase-debug.log for more info.
